2021.07.22 00:00:42.510 INFO  [main] c.e.t.TaskManagementApplication - Starting TaskManagementApplication using Java 16.0.1 on WIN-KEDQHMA3E3O with PID 16172 (D:\Projects\task-management-application\api\target\classes started by Sergey in D:\Projects\task-management-application\api)
2021.07.22 00:00:42.517 INFO  [main] c.e.t.TaskManagementApplication - The following profiles are active: private,dev
2021.07.22 00:00:43.743 INFO  [main] o.s.d.r.c.RepositoryConfigurationDelegate - Bootstrapping Spring Data JPA repositories in DEFAULT mode.
2021.07.22 00:00:43.864 INFO  [main] o.s.d.r.c.RepositoryConfigurationDelegate - Finished Spring Data repository scanning in 113 ms. Found 6 JPA repository interfaces.
2021.07.22 00:00:44.293 INFO  [main] o.s.c.s.PostProcessorRegistrationDelegate$BeanPostProcessorChecker - Bean 'org.springframework.security.access.expression.method.DefaultMethodSecurityExpressionHandler@6cbbb9c4' of type [org.springframework.security.access.expression.method.DefaultMethodSecurityExpressionHandler] is not eligible for getting processed by all BeanPostProcessors (for example: not eligible for auto-proxying)
2021.07.22 00:00:44.301 INFO  [main] o.s.c.s.PostProcessorRegistrationDelegate$BeanPostProcessorChecker - Bean 'methodSecurityMetadataSource' of type [org.springframework.security.access.method.DelegatingMethodSecurityMetadataSource] is not eligible for getting processed by all BeanPostProcessors (for example: not eligible for auto-proxying)
2021.07.22 00:00:44.627 INFO  [main] o.s.b.w.e.t.TomcatWebServer - Tomcat initialized with port(s): 8080 (http)
2021.07.22 00:00:44.635 INFO  [main] o.a.c.c.StandardService - Starting service [Tomcat]
2021.07.22 00:00:44.636 INFO  [main] o.a.c.c.StandardEngine - Starting Servlet engine: [Apache Tomcat/9.0.48]
2021.07.22 00:00:44.771 INFO  [main] o.a.c.c.C.[.[.[/] - Initializing Spring embedded WebApplicationContext
2021.07.22 00:00:44.772 INFO  [main] o.s.b.w.s.c.ServletWebServerApplicationContext - Root WebApplicationContext: initialization completed in 2167 ms
2021.07.22 00:00:45.001 INFO  [main] c.z.h.HikariDataSource - HikariPool-1 - Starting...
2021.07.22 00:00:45.004 WARN  [main] c.z.h.u.DriverDataSource - Registered driver with driverClassName=com.mysql.jdbc.Driver was not found, trying direct instantiation.
2021.07.22 00:00:45.323 INFO  [main] c.z.h.HikariDataSource - HikariPool-1 - Start completed.
2021.07.22 00:00:45.714 INFO  [main] l.lockservice - Successfully acquired change log lock
2021.07.22 00:00:45.890 INFO  [main] l.changelog - Reading from task_management.DATABASECHANGELOG
2021.07.22 00:00:45.952 INFO  [main] l.lockservice - Successfully released change log lock
2021.07.22 00:00:45.961 INFO  [main] l.lockservice - Successfully acquired change log lock
2021.07.22 00:00:45.962 WARN  [main] liquibase.hub - Skipping auto-registration
2021.07.22 00:00:45.974 INFO  [main] l.lockservice - Successfully released change log lock
2021.07.22 00:00:46.069 INFO  [main] o.h.j.i.u.LogHelper - HHH000204: Processing PersistenceUnitInfo [name: default]
2021.07.22 00:00:46.127 INFO  [main] o.h.Version - HHH000412: Hibernate ORM core version 5.4.32.Final
2021.07.22 00:00:46.243 INFO  [main] o.h.a.c.Version - HCANN000001: Hibernate Commons Annotations {5.1.2.Final}
2021.07.22 00:00:46.349 INFO  [main] o.h.d.Dialect - HHH000400: Using dialect: org.hibernate.dialect.MySQL8Dialect
2021.07.22 00:00:47.013 INFO  [main] o.h.e.t.j.p.i.JtaPlatformInitiator - HHH000490: Using JtaPlatform implementation: [org.hibernate.engine.transaction.jta.platform.internal.NoJtaPlatform]
2021.07.22 00:00:47.023 INFO  [main] o.s.o.j.LocalContainerEntityManagerFactoryBean - Initialized JPA EntityManagerFactory for persistence unit 'default'
2021.07.22 00:00:47.457 INFO  [main] c.e.t.s.t.JwtTokenProvider - Job token-scheduler run with delay 86400
2021.07.22 00:00:47.539 WARN  [main] o.s.b.a.o.j.JpaBaseConfiguration$JpaWebConfiguration - spring.jpa.open-in-view is enabled by default. Therefore, database queries may be performed during view rendering. Explicitly configure spring.jpa.open-in-view to disable this warning
2021.07.22 00:00:48.700 INFO  [main] o.s.s.w.DefaultSecurityFilterChain - Will secure Ant [pattern='/webjars/**'] with []
2021.07.22 00:00:48.700 INFO  [main] o.s.s.w.DefaultSecurityFilterChain - Will secure Ant [pattern='/v2/api-docs/**'] with []
2021.07.22 00:00:48.700 INFO  [main] o.s.s.w.DefaultSecurityFilterChain - Will secure Ant [pattern='/swagger-resources/**'] with []
2021.07.22 00:00:48.700 INFO  [main] o.s.s.w.DefaultSecurityFilterChain - Will secure Ant [pattern='/swagger-ui.html/**'] with []
2021.07.22 00:00:48.791 INFO  [main] s.d.s.w.WebMvcPropertySourcedRequestMappingHandlerMapping - Mapped URL path [/v2/api-docs] onto method [springfox.documentation.swagger2.web.Swagger2ControllerWebMvc#getDocumentation(String, HttpServletRequest)]
2021.07.22 00:00:49.047 INFO  [main] o.s.s.w.DefaultSecurityFilterChain - Will secure any request with [org.springframework.security.web.context.request.async.WebAsyncManagerIntegrationFilter@30fba306, org.springframework.security.web.context.SecurityContextPersistenceFilter@4faccb34, org.springframework.security.web.header.HeaderWriterFilter@b42d1c8, org.springframework.web.filter.CorsFilter@1ca55d5, org.springframework.security.web.authentication.logout.LogoutFilter@2c69ea30, com.example.taskmanagementapplication.security.token.JwtTokenFilter@16576a6, org.springframework.security.web.savedrequest.RequestCacheAwareFilter@6971c6b7, org.springframework.security.web.servletapi.SecurityContextHolderAwareRequestFilter@2582e213, org.springframework.security.web.authentication.AnonymousAuthenticationFilter@70b037ac, org.springframework.security.web.session.SessionManagementFilter@4f876114, org.springframework.security.web.access.ExceptionTranslationFilter@225d93aa, org.springframework.security.web.access.intercept.FilterSecurityInterceptor@5d8de155]
2021.07.22 00:00:49.639 INFO  [main] o.s.b.w.e.t.TomcatWebServer - Tomcat started on port(s): 8080 (http) with context path ''
2021.07.22 00:00:49.640 INFO  [main] s.d.s.w.p.DocumentationPluginsBootstrapper - Documentation plugins bootstrapped
2021.07.22 00:00:49.646 INFO  [main] s.d.s.w.p.DocumentationPluginsBootstrapper - Found 1 custom documentation plugin(s)
2021.07.22 00:00:49.717 INFO  [main] s.d.s.w.s.ApiListingReferenceScanner - Scanning for api listing references
2021.07.22 00:00:50.030 INFO  [main] c.e.t.TaskManagementApplication - Started TaskManagementApplication in 8.121 seconds (JVM running for 9.16)
2021.07.22 00:00:55.212 INFO  [http-nio-8080-exec-2] o.a.c.c.C.[.[.[/] - Initializing Spring DispatcherServlet 'dispatcherServlet'
2021.07.22 00:00:55.212 INFO  [http-nio-8080-exec-2] o.s.w.s.DispatcherServlet - Initializing Servlet 'dispatcherServlet'
2021.07.22 00:00:55.213 INFO  [http-nio-8080-exec-2] o.s.w.s.DispatcherServlet - Completed initialization in 1 ms
2021.07.22 00:00:55.283 INFO  [http-nio-8080-exec-2] c.e.t.s.t.JwtTokenProvider - JWT token eyJhbGciOiJIUzI1NiJ9.eyJqdGkiOiJBZG1pbiIsInN1YiI6IkFVVEgiLCJleHAiOjE2Mjc1MDM4MTcsImlzcyI6Ild3d3d3dyIsImlhdCI6MTYyNjg5OTAxN30.cUbRZUviirFTs7luAsUe34HCJ06zE6q88NgZ2Z2TuvQ is valid
2021.07.22 00:00:55.286 INFO  [http-nio-8080-exec-2] c.e.t.s.t.JwtTokenProvider - JWT token eyJhbGciOiJIUzI1NiJ9.eyJqdGkiOiJBZG1pbiIsInN1YiI6IkFVVEgiLCJleHAiOjE2Mjc1MDM4MTcsImlzcyI6Ild3d3d3dyIsImlhdCI6MTYyNjg5OTAxN30.cUbRZUviirFTs7luAsUe34HCJ06zE6q88NgZ2Z2TuvQ is valid
2021.07.22 00:00:55.364 INFO  [http-nio-8080-exec-2] c.e.t.s.CustomUserDetailsService - User 'Admin' authorize successfully
2021.07.22 00:00:58.432 INFO  [http-nio-8080-exec-3] c.e.t.s.t.JwtTokenProvider - JWT token eyJhbGciOiJIUzI1NiJ9.eyJqdGkiOiJBZG1pbiIsInN1YiI6IkFVVEgiLCJleHAiOjE2Mjc1MDM4MTcsImlzcyI6Ild3d3d3dyIsImlhdCI6MTYyNjg5OTAxN30.cUbRZUviirFTs7luAsUe34HCJ06zE6q88NgZ2Z2TuvQ is valid
2021.07.22 00:00:58.436 INFO  [http-nio-8080-exec-3] c.e.t.s.t.JwtTokenProvider - JWT token eyJhbGciOiJIUzI1NiJ9.eyJqdGkiOiJBZG1pbiIsInN1YiI6IkFVVEgiLCJleHAiOjE2Mjc1MDM4MTcsImlzcyI6Ild3d3d3dyIsImlhdCI6MTYyNjg5OTAxN30.cUbRZUviirFTs7luAsUe34HCJ06zE6q88NgZ2Z2TuvQ is valid
2021.07.22 00:00:58.442 INFO  [http-nio-8080-exec-3] c.e.t.s.CustomUserDetailsService - User 'Admin' authorize successfully
2021.07.22 00:01:01.220 INFO  [http-nio-8080-exec-4] c.e.t.s.t.JwtTokenProvider - JWT token eyJhbGciOiJIUzI1NiJ9.eyJqdGkiOiJBZG1pbiIsInN1YiI6IkFVVEgiLCJleHAiOjE2Mjc1MDM4MTcsImlzcyI6Ild3d3d3dyIsImlhdCI6MTYyNjg5OTAxN30.cUbRZUviirFTs7luAsUe34HCJ06zE6q88NgZ2Z2TuvQ is valid
2021.07.22 00:01:01.222 INFO  [http-nio-8080-exec-4] c.e.t.s.t.JwtTokenProvider - JWT token eyJhbGciOiJIUzI1NiJ9.eyJqdGkiOiJBZG1pbiIsInN1YiI6IkFVVEgiLCJleHAiOjE2Mjc1MDM4MTcsImlzcyI6Ild3d3d3dyIsImlhdCI6MTYyNjg5OTAxN30.cUbRZUviirFTs7luAsUe34HCJ06zE6q88NgZ2Z2TuvQ is valid
2021.07.22 00:01:01.227 INFO  [http-nio-8080-exec-4] c.e.t.s.CustomUserDetailsService - User 'Admin' authorize successfully
2021.07.22 00:05:01.274 INFO  [http-nio-8080-exec-7] c.e.t.s.t.JwtTokenProvider - JWT token eyJhbGciOiJIUzI1NiJ9.eyJqdGkiOiJBZG1pbiIsInN1YiI6IkFVVEgiLCJleHAiOjE2Mjc1MDM4MTcsImlzcyI6Ild3d3d3dyIsImlhdCI6MTYyNjg5OTAxN30.cUbRZUviirFTs7luAsUe34HCJ06zE6q88NgZ2Z2TuvQ is valid
2021.07.22 00:05:01.277 INFO  [http-nio-8080-exec-7] c.e.t.s.t.JwtTokenProvider - JWT token eyJhbGciOiJIUzI1NiJ9.eyJqdGkiOiJBZG1pbiIsInN1YiI6IkFVVEgiLCJleHAiOjE2Mjc1MDM4MTcsImlzcyI6Ild3d3d3dyIsImlhdCI6MTYyNjg5OTAxN30.cUbRZUviirFTs7luAsUe34HCJ06zE6q88NgZ2Z2TuvQ is valid
2021.07.22 00:05:01.282 INFO  [http-nio-8080-exec-7] c.e.t.s.CustomUserDetailsService - User 'Admin' authorize successfully
2021.07.22 00:05:32.639 INFO  [main] c.e.t.TaskManagementApplication - Starting TaskManagementApplication using Java 16.0.1 on WIN-KEDQHMA3E3O with PID 4540 (D:\Projects\task-management-application\api\target\classes started by Sergey in D:\Projects\task-management-application\api)
2021.07.22 00:05:32.642 INFO  [main] c.e.t.TaskManagementApplication - The following profiles are active: private,dev
2021.07.22 00:05:33.802 INFO  [main] o.s.d.r.c.RepositoryConfigurationDelegate - Bootstrapping Spring Data JPA repositories in DEFAULT mode.
2021.07.22 00:05:33.919 INFO  [main] o.s.d.r.c.RepositoryConfigurationDelegate - Finished Spring Data repository scanning in 107 ms. Found 6 JPA repository interfaces.
2021.07.22 00:05:34.359 INFO  [main] o.s.c.s.PostProcessorRegistrationDelegate$BeanPostProcessorChecker - Bean 'org.springframework.security.access.expression.method.DefaultMethodSecurityExpressionHandler@76cf841' of type [org.springframework.security.access.expression.method.DefaultMethodSecurityExpressionHandler] is not eligible for getting processed by all BeanPostProcessors (for example: not eligible for auto-proxying)
2021.07.22 00:05:34.366 INFO  [main] o.s.c.s.PostProcessorRegistrationDelegate$BeanPostProcessorChecker - Bean 'methodSecurityMetadataSource' of type [org.springframework.security.access.method.DelegatingMethodSecurityMetadataSource] is not eligible for getting processed by all BeanPostProcessors (for example: not eligible for auto-proxying)
2021.07.22 00:05:34.701 INFO  [main] o.s.b.w.e.t.TomcatWebServer - Tomcat initialized with port(s): 8080 (http)
2021.07.22 00:05:34.712 INFO  [main] o.a.c.c.StandardService - Starting service [Tomcat]
2021.07.22 00:05:34.712 INFO  [main] o.a.c.c.StandardEngine - Starting Servlet engine: [Apache Tomcat/9.0.48]
2021.07.22 00:05:34.842 INFO  [main] o.a.c.c.C.[.[.[/] - Initializing Spring embedded WebApplicationContext
2021.07.22 00:05:34.843 INFO  [main] o.s.b.w.s.c.ServletWebServerApplicationContext - Root WebApplicationContext: initialization completed in 2128 ms
2021.07.22 00:05:35.079 INFO  [main] c.z.h.HikariDataSource - HikariPool-1 - Starting...
2021.07.22 00:05:35.082 WARN  [main] c.z.h.u.DriverDataSource - Registered driver with driverClassName=com.mysql.jdbc.Driver was not found, trying direct instantiation.
2021.07.22 00:05:35.388 INFO  [main] c.z.h.HikariDataSource - HikariPool-1 - Start completed.
2021.07.22 00:05:35.691 INFO  [main] l.lockservice - Successfully acquired change log lock
2021.07.22 00:05:35.871 INFO  [main] l.changelog - Reading from task_management.DATABASECHANGELOG
2021.07.22 00:05:35.918 INFO  [main] l.lockservice - Successfully released change log lock
2021.07.22 00:05:35.927 INFO  [main] l.lockservice - Successfully acquired change log lock
2021.07.22 00:05:35.928 WARN  [main] liquibase.hub - Skipping auto-registration
2021.07.22 00:05:35.939 INFO  [main] l.lockservice - Successfully released change log lock
2021.07.22 00:05:36.051 INFO  [main] o.h.j.i.u.LogHelper - HHH000204: Processing PersistenceUnitInfo [name: default]
2021.07.22 00:05:36.102 INFO  [main] o.h.Version - HHH000412: Hibernate ORM core version 5.4.32.Final
2021.07.22 00:05:36.214 INFO  [main] o.h.a.c.Version - HCANN000001: Hibernate Commons Annotations {5.1.2.Final}
2021.07.22 00:05:36.325 INFO  [main] o.h.d.Dialect - HHH000400: Using dialect: org.hibernate.dialect.MySQL8Dialect
2021.07.22 00:05:36.982 INFO  [main] o.h.e.t.j.p.i.JtaPlatformInitiator - HHH000490: Using JtaPlatform implementation: [org.hibernate.engine.transaction.jta.platform.internal.NoJtaPlatform]
2021.07.22 00:05:36.991 INFO  [main] o.s.o.j.LocalContainerEntityManagerFactoryBean - Initialized JPA EntityManagerFactory for persistence unit 'default'
2021.07.22 00:05:37.469 INFO  [main] c.e.t.s.t.JwtTokenProvider - Job token-scheduler run with delay 86400
2021.07.22 00:05:37.555 WARN  [main] o.s.b.a.o.j.JpaBaseConfiguration$JpaWebConfiguration - spring.jpa.open-in-view is enabled by default. Therefore, database queries may be performed during view rendering. Explicitly configure spring.jpa.open-in-view to disable this warning
2021.07.22 00:05:38.737 INFO  [main] o.s.s.w.DefaultSecurityFilterChain - Will secure Ant [pattern='/webjars/**'] with []
2021.07.22 00:05:38.738 INFO  [main] o.s.s.w.DefaultSecurityFilterChain - Will secure Ant [pattern='/v2/api-docs/**'] with []
2021.07.22 00:05:38.738 INFO  [main] o.s.s.w.DefaultSecurityFilterChain - Will secure Ant [pattern='/swagger-resources/**'] with []
2021.07.22 00:05:38.738 INFO  [main] o.s.s.w.DefaultSecurityFilterChain - Will secure Ant [pattern='/swagger-ui.html/**'] with []
2021.07.22 00:05:38.841 INFO  [main] s.d.s.w.WebMvcPropertySourcedRequestMappingHandlerMapping - Mapped URL path [/v2/api-docs] onto method [springfox.documentation.swagger2.web.Swagger2ControllerWebMvc#getDocumentation(String, HttpServletRequest)]
2021.07.22 00:05:39.104 INFO  [main] o.s.s.w.DefaultSecurityFilterChain - Will secure any request with [org.springframework.security.web.context.request.async.WebAsyncManagerIntegrationFilter@7e3c5ef1, org.springframework.security.web.context.SecurityContextPersistenceFilter@644f033d, org.springframework.security.web.header.HeaderWriterFilter@6db99c79, org.springframework.web.filter.CorsFilter@4ca6f587, org.springframework.security.web.authentication.logout.LogoutFilter@5f171392, com.example.taskmanagementapplication.security.token.JwtTokenFilter@6442c2dd, org.springframework.security.web.savedrequest.RequestCacheAwareFilter@54d0d561, org.springframework.security.web.servletapi.SecurityContextHolderAwareRequestFilter@7c52df60, org.springframework.security.web.authentication.AnonymousAuthenticationFilter@3647b274, org.springframework.security.web.session.SessionManagementFilter@d9ff1cd, org.springframework.security.web.access.ExceptionTranslationFilter@46e32574, org.springframework.security.web.access.intercept.FilterSecurityInterceptor@7244b40e]
2021.07.22 00:05:39.700 INFO  [main] o.s.b.w.e.t.TomcatWebServer - Tomcat started on port(s): 8080 (http) with context path ''
2021.07.22 00:05:39.702 INFO  [main] s.d.s.w.p.DocumentationPluginsBootstrapper - Documentation plugins bootstrapped
2021.07.22 00:05:39.709 INFO  [main] s.d.s.w.p.DocumentationPluginsBootstrapper - Found 1 custom documentation plugin(s)
2021.07.22 00:05:39.777 INFO  [main] s.d.s.w.s.ApiListingReferenceScanner - Scanning for api listing references
2021.07.22 00:05:40.090 INFO  [main] c.e.t.TaskManagementApplication - Started TaskManagementApplication in 7.942 seconds (JVM running for 9.835)
2021.07.22 00:05:49.699 INFO  [http-nio-8080-exec-2] o.a.c.c.C.[.[.[/] - Initializing Spring DispatcherServlet 'dispatcherServlet'
2021.07.22 00:05:49.699 INFO  [http-nio-8080-exec-2] o.s.w.s.DispatcherServlet - Initializing Servlet 'dispatcherServlet'
2021.07.22 00:05:49.701 INFO  [http-nio-8080-exec-2] o.s.w.s.DispatcherServlet - Completed initialization in 2 ms
2021.07.22 00:05:49.769 INFO  [http-nio-8080-exec-2] c.e.t.s.t.JwtTokenProvider - JWT token eyJhbGciOiJIUzI1NiJ9.eyJqdGkiOiJBZG1pbiIsInN1YiI6IkFVVEgiLCJleHAiOjE2Mjc1MDM4MTcsImlzcyI6Ild3d3d3dyIsImlhdCI6MTYyNjg5OTAxN30.cUbRZUviirFTs7luAsUe34HCJ06zE6q88NgZ2Z2TuvQ is valid
2021.07.22 00:05:49.771 INFO  [http-nio-8080-exec-2] c.e.t.s.t.JwtTokenProvider - JWT token eyJhbGciOiJIUzI1NiJ9.eyJqdGkiOiJBZG1pbiIsInN1YiI6IkFVVEgiLCJleHAiOjE2Mjc1MDM4MTcsImlzcyI6Ild3d3d3dyIsImlhdCI6MTYyNjg5OTAxN30.cUbRZUviirFTs7luAsUe34HCJ06zE6q88NgZ2Z2TuvQ is valid
2021.07.22 00:05:49.850 INFO  [http-nio-8080-exec-2] c.e.t.s.CustomUserDetailsService - User 'Admin' authorize successfully
2021.07.22 00:07:23.737 INFO  [main] c.e.t.TaskManagementApplication - Starting TaskManagementApplication using Java 16.0.1 on WIN-KEDQHMA3E3O with PID 16636 (D:\Projects\task-management-application\api\target\classes started by Sergey in D:\Projects\task-management-application\api)
2021.07.22 00:07:23.740 INFO  [main] c.e.t.TaskManagementApplication - The following profiles are active: private,dev
2021.07.22 00:07:24.846 INFO  [main] o.s.d.r.c.RepositoryConfigurationDelegate - Bootstrapping Spring Data JPA repositories in DEFAULT mode.
2021.07.22 00:07:24.961 INFO  [main] o.s.d.r.c.RepositoryConfigurationDelegate - Finished Spring Data repository scanning in 107 ms. Found 6 JPA repository interfaces.
2021.07.22 00:07:25.396 INFO  [main] o.s.c.s.PostProcessorRegistrationDelegate$BeanPostProcessorChecker - Bean 'org.springframework.security.access.expression.method.DefaultMethodSecurityExpressionHandler@297c9a9b' of type [org.springframework.security.access.expression.method.DefaultMethodSecurityExpressionHandler] is not eligible for getting processed by all BeanPostProcessors (for example: not eligible for auto-proxying)
2021.07.22 00:07:25.404 INFO  [main] o.s.c.s.PostProcessorRegistrationDelegate$BeanPostProcessorChecker - Bean 'methodSecurityMetadataSource' of type [org.springframework.security.access.method.DelegatingMethodSecurityMetadataSource] is not eligible for getting processed by all BeanPostProcessors (for example: not eligible for auto-proxying)
2021.07.22 00:07:25.791 INFO  [main] o.s.b.w.e.t.TomcatWebServer - Tomcat initialized with port(s): 8080 (http)
2021.07.22 00:07:25.804 INFO  [main] o.a.c.c.StandardService - Starting service [Tomcat]
2021.07.22 00:07:25.805 INFO  [main] o.a.c.c.StandardEngine - Starting Servlet engine: [Apache Tomcat/9.0.48]
2021.07.22 00:07:25.943 INFO  [main] o.a.c.c.C.[.[.[/] - Initializing Spring embedded WebApplicationContext
2021.07.22 00:07:25.943 INFO  [main] o.s.b.w.s.c.ServletWebServerApplicationContext - Root WebApplicationContext: initialization completed in 2140 ms
2021.07.22 00:07:26.167 INFO  [main] c.z.h.HikariDataSource - HikariPool-1 - Starting...
2021.07.22 00:07:26.170 WARN  [main] c.z.h.u.DriverDataSource - Registered driver with driverClassName=com.mysql.jdbc.Driver was not found, trying direct instantiation.
2021.07.22 00:07:26.518 INFO  [main] c.z.h.HikariDataSource - HikariPool-1 - Start completed.
2021.07.22 00:07:26.800 INFO  [main] l.lockservice - Successfully acquired change log lock
2021.07.22 00:07:26.970 INFO  [main] l.changelog - Reading from task_management.DATABASECHANGELOG
2021.07.22 00:07:27.017 INFO  [main] l.lockservice - Successfully released change log lock
2021.07.22 00:07:27.026 INFO  [main] l.lockservice - Successfully acquired change log lock
2021.07.22 00:07:27.027 WARN  [main] liquibase.hub - Skipping auto-registration
2021.07.22 00:07:27.039 INFO  [main] l.lockservice - Successfully released change log lock
2021.07.22 00:07:27.139 INFO  [main] o.h.j.i.u.LogHelper - HHH000204: Processing PersistenceUnitInfo [name: default]
2021.07.22 00:07:27.189 INFO  [main] o.h.Version - HHH000412: Hibernate ORM core version 5.4.32.Final
2021.07.22 00:07:27.307 INFO  [main] o.h.a.c.Version - HCANN000001: Hibernate Commons Annotations {5.1.2.Final}
2021.07.22 00:07:27.413 INFO  [main] o.h.d.Dialect - HHH000400: Using dialect: org.hibernate.dialect.MySQL8Dialect
2021.07.22 00:07:28.074 INFO  [main] o.h.e.t.j.p.i.JtaPlatformInitiator - HHH000490: Using JtaPlatform implementation: [org.hibernate.engine.transaction.jta.platform.internal.NoJtaPlatform]
2021.07.22 00:07:28.085 INFO  [main] o.s.o.j.LocalContainerEntityManagerFactoryBean - Initialized JPA EntityManagerFactory for persistence unit 'default'
2021.07.22 00:07:28.545 INFO  [main] c.e.t.s.t.JwtTokenProvider - Job token-scheduler run with delay 86400
2021.07.22 00:07:28.619 WARN  [main] o.s.b.a.o.j.JpaBaseConfiguration$JpaWebConfiguration - spring.jpa.open-in-view is enabled by default. Therefore, database queries may be performed during view rendering. Explicitly configure spring.jpa.open-in-view to disable this warning
2021.07.22 00:07:29.793 INFO  [main] o.s.s.w.DefaultSecurityFilterChain - Will secure Ant [pattern='/webjars/**'] with []
2021.07.22 00:07:29.793 INFO  [main] o.s.s.w.DefaultSecurityFilterChain - Will secure Ant [pattern='/v2/api-docs/**'] with []
2021.07.22 00:07:29.793 INFO  [main] o.s.s.w.DefaultSecurityFilterChain - Will secure Ant [pattern='/swagger-resources/**'] with []
2021.07.22 00:07:29.793 INFO  [main] o.s.s.w.DefaultSecurityFilterChain - Will secure Ant [pattern='/swagger-ui.html/**'] with []
2021.07.22 00:07:29.886 INFO  [main] s.d.s.w.WebMvcPropertySourcedRequestMappingHandlerMapping - Mapped URL path [/v2/api-docs] onto method [springfox.documentation.swagger2.web.Swagger2ControllerWebMvc#getDocumentation(String, HttpServletRequest)]
2021.07.22 00:07:30.116 INFO  [main] o.s.s.w.DefaultSecurityFilterChain - Will secure any request with [org.springframework.security.web.context.request.async.WebAsyncManagerIntegrationFilter@67cc5a38, org.springframework.security.web.context.SecurityContextPersistenceFilter@58178b69, org.springframework.security.web.header.HeaderWriterFilter@52811dc1, org.springframework.web.filter.CorsFilter@23b62cc3, org.springframework.security.web.authentication.logout.LogoutFilter@8788194, com.example.taskmanagementapplication.security.token.JwtTokenFilter@f4e235e, org.springframework.security.web.savedrequest.RequestCacheAwareFilter@22cbbe87, org.springframework.security.web.servletapi.SecurityContextHolderAwareRequestFilter@6db99c79, org.springframework.security.web.authentication.AnonymousAuthenticationFilter@1d82e396, org.springframework.security.web.session.SessionManagementFilter@2c69ea30, org.springframework.security.web.access.ExceptionTranslationFilter@17c3e33, org.springframework.security.web.access.intercept.FilterSecurityInterceptor@2aec09a3]
2021.07.22 00:07:30.705 INFO  [main] o.s.b.w.e.t.TomcatWebServer - Tomcat started on port(s): 8080 (http) with context path ''
2021.07.22 00:07:30.706 INFO  [main] s.d.s.w.p.DocumentationPluginsBootstrapper - Documentation plugins bootstrapped
2021.07.22 00:07:30.712 INFO  [main] s.d.s.w.p.DocumentationPluginsBootstrapper - Found 1 custom documentation plugin(s)
2021.07.22 00:07:30.780 INFO  [main] s.d.s.w.s.ApiListingReferenceScanner - Scanning for api listing references
2021.07.22 00:07:31.076 INFO  [main] c.e.t.TaskManagementApplication - Started TaskManagementApplication in 7.794 seconds (JVM running for 10.427)
2021.07.22 00:07:55.679 INFO  [http-nio-8080-exec-2] o.a.c.c.C.[.[.[/] - Initializing Spring DispatcherServlet 'dispatcherServlet'
2021.07.22 00:07:55.680 INFO  [http-nio-8080-exec-2] o.s.w.s.DispatcherServlet - Initializing Servlet 'dispatcherServlet'
2021.07.22 00:07:55.681 INFO  [http-nio-8080-exec-2] o.s.w.s.DispatcherServlet - Completed initialization in 1 ms
2021.07.22 00:07:55.751 INFO  [http-nio-8080-exec-2] c.e.t.s.t.JwtTokenProvider - JWT token eyJhbGciOiJIUzI1NiJ9.eyJqdGkiOiJBZG1pbiIsInN1YiI6IkFVVEgiLCJleHAiOjE2Mjc1MDM4MTcsImlzcyI6Ild3d3d3dyIsImlhdCI6MTYyNjg5OTAxN30.cUbRZUviirFTs7luAsUe34HCJ06zE6q88NgZ2Z2TuvQ is valid
2021.07.22 00:07:55.753 INFO  [http-nio-8080-exec-2] c.e.t.s.t.JwtTokenProvider - JWT token eyJhbGciOiJIUzI1NiJ9.eyJqdGkiOiJBZG1pbiIsInN1YiI6IkFVVEgiLCJleHAiOjE2Mjc1MDM4MTcsImlzcyI6Ild3d3d3dyIsImlhdCI6MTYyNjg5OTAxN30.cUbRZUviirFTs7luAsUe34HCJ06zE6q88NgZ2Z2TuvQ is valid
2021.07.22 00:07:55.827 INFO  [http-nio-8080-exec-2] c.e.t.s.CustomUserDetailsService - User 'Admin' authorize successfully
2021.07.22 00:07:59.376 INFO  [http-nio-8080-exec-3] c.e.t.s.t.JwtTokenProvider - JWT token eyJhbGciOiJIUzI1NiJ9.eyJqdGkiOiJBZG1pbiIsInN1YiI6IkFVVEgiLCJleHAiOjE2Mjc1MDM4MTcsImlzcyI6Ild3d3d3dyIsImlhdCI6MTYyNjg5OTAxN30.cUbRZUviirFTs7luAsUe34HCJ06zE6q88NgZ2Z2TuvQ is valid
2021.07.22 00:07:59.381 INFO  [http-nio-8080-exec-3] c.e.t.s.t.JwtTokenProvider - JWT token eyJhbGciOiJIUzI1NiJ9.eyJqdGkiOiJBZG1pbiIsInN1YiI6IkFVVEgiLCJleHAiOjE2Mjc1MDM4MTcsImlzcyI6Ild3d3d3dyIsImlhdCI6MTYyNjg5OTAxN30.cUbRZUviirFTs7luAsUe34HCJ06zE6q88NgZ2Z2TuvQ is valid
2021.07.22 00:07:59.389 INFO  [http-nio-8080-exec-3] c.e.t.s.CustomUserDetailsService - User 'Admin' authorize successfully
2021.07.22 00:09:18.537 INFO  [main] c.e.t.TaskManagementApplication - Starting TaskManagementApplication using Java 16.0.1 on WIN-KEDQHMA3E3O with PID 3136 (D:\Projects\task-management-application\api\target\classes started by Sergey in D:\Projects\task-management-application\api)
2021.07.22 00:09:18.542 INFO  [main] c.e.t.TaskManagementApplication - The following profiles are active: private,dev
2021.07.22 00:09:19.968 INFO  [main] o.s.d.r.c.RepositoryConfigurationDelegate - Bootstrapping Spring Data JPA repositories in DEFAULT mode.
2021.07.22 00:09:20.087 INFO  [main] o.s.d.r.c.RepositoryConfigurationDelegate - Finished Spring Data repository scanning in 110 ms. Found 6 JPA repository interfaces.
2021.07.22 00:09:20.544 INFO  [main] o.s.c.s.PostProcessorRegistrationDelegate$BeanPostProcessorChecker - Bean 'org.springframework.security.access.expression.method.DefaultMethodSecurityExpressionHandler@20999517' of type [org.springframework.security.access.expression.method.DefaultMethodSecurityExpressionHandler] is not eligible for getting processed by all BeanPostProcessors (for example: not eligible for auto-proxying)
2021.07.22 00:09:20.555 INFO  [main] o.s.c.s.PostProcessorRegistrationDelegate$BeanPostProcessorChecker - Bean 'methodSecurityMetadataSource' of type [org.springframework.security.access.method.DelegatingMethodSecurityMetadataSource] is not eligible for getting processed by all BeanPostProcessors (for example: not eligible for auto-proxying)
2021.07.22 00:09:21.071 INFO  [main] o.s.b.w.e.t.TomcatWebServer - Tomcat initialized with port(s): 8080 (http)
2021.07.22 00:09:21.085 INFO  [main] o.a.c.c.StandardService - Starting service [Tomcat]
2021.07.22 00:09:21.086 INFO  [main] o.a.c.c.StandardEngine - Starting Servlet engine: [Apache Tomcat/9.0.48]
2021.07.22 00:09:21.266 INFO  [main] o.a.c.c.C.[.[.[/] - Initializing Spring embedded WebApplicationContext
2021.07.22 00:09:21.266 INFO  [main] o.s.b.w.s.c.ServletWebServerApplicationContext - Root WebApplicationContext: initialization completed in 2613 ms
2021.07.22 00:09:21.533 INFO  [main] c.z.h.HikariDataSource - HikariPool-1 - Starting...
2021.07.22 00:09:21.537 WARN  [main] c.z.h.u.DriverDataSource - Registered driver with driverClassName=com.mysql.jdbc.Driver was not found, trying direct instantiation.
2021.07.22 00:09:21.873 INFO  [main] c.z.h.HikariDataSource - HikariPool-1 - Start completed.
2021.07.22 00:09:22.436 INFO  [main] l.lockservice - Successfully acquired change log lock
2021.07.22 00:09:22.775 INFO  [main] l.changelog - Reading from task_management.DATABASECHANGELOG
2021.07.22 00:09:22.830 INFO  [main] l.lockservice - Successfully released change log lock
2021.07.22 00:09:22.840 INFO  [main] l.lockservice - Successfully acquired change log lock
2021.07.22 00:09:22.841 WARN  [main] liquibase.hub - Skipping auto-registration
2021.07.22 00:09:22.855 INFO  [main] l.lockservice - Successfully released change log lock
2021.07.22 00:09:23.032 INFO  [main] o.h.j.i.u.LogHelper - HHH000204: Processing PersistenceUnitInfo [name: default]
2021.07.22 00:09:23.091 INFO  [main] o.h.Version - HHH000412: Hibernate ORM core version 5.4.32.Final
2021.07.22 00:09:23.274 INFO  [main] o.h.a.c.Version - HCANN000001: Hibernate Commons Annotations {5.1.2.Final}
2021.07.22 00:09:23.434 INFO  [main] o.h.d.Dialect - HHH000400: Using dialect: org.hibernate.dialect.MySQL8Dialect
2021.07.22 00:09:24.093 INFO  [main] o.h.e.t.j.p.i.JtaPlatformInitiator - HHH000490: Using JtaPlatform implementation: [org.hibernate.engine.transaction.jta.platform.internal.NoJtaPlatform]
2021.07.22 00:09:24.103 INFO  [main] o.s.o.j.LocalContainerEntityManagerFactoryBean - Initialized JPA EntityManagerFactory for persistence unit 'default'
2021.07.22 00:09:24.569 INFO  [main] c.e.t.s.t.JwtTokenProvider - Job token-scheduler run with delay 86400
2021.07.22 00:09:24.647 WARN  [main] o.s.b.a.o.j.JpaBaseConfiguration$JpaWebConfiguration - spring.jpa.open-in-view is enabled by default. Therefore, database queries may be performed during view rendering. Explicitly configure spring.jpa.open-in-view to disable this warning
2021.07.22 00:09:25.848 INFO  [main] o.s.s.w.DefaultSecurityFilterChain - Will secure Ant [pattern='/webjars/**'] with []
2021.07.22 00:09:25.848 INFO  [main] o.s.s.w.DefaultSecurityFilterChain - Will secure Ant [pattern='/v2/api-docs/**'] with []
2021.07.22 00:09:25.848 INFO  [main] o.s.s.w.DefaultSecurityFilterChain - Will secure Ant [pattern='/swagger-resources/**'] with []
2021.07.22 00:09:25.849 INFO  [main] o.s.s.w.DefaultSecurityFilterChain - Will secure Ant [pattern='/swagger-ui.html/**'] with []
2021.07.22 00:09:25.959 INFO  [main] s.d.s.w.WebMvcPropertySourcedRequestMappingHandlerMapping - Mapped URL path [/v2/api-docs] onto method [springfox.documentation.swagger2.web.Swagger2ControllerWebMvc#getDocumentation(String, HttpServletRequest)]
2021.07.22 00:09:26.233 INFO  [main] o.s.s.w.DefaultSecurityFilterChain - Will secure any request with [org.springframework.security.web.context.request.async.WebAsyncManagerIntegrationFilter@5b5f48d5, org.springframework.security.web.context.SecurityContextPersistenceFilter@4f9191c1, org.springframework.security.web.header.HeaderWriterFilter@17c3e33, org.springframework.web.filter.CorsFilter@421c4c3e, org.springframework.security.web.authentication.logout.LogoutFilter@644f033d, com.example.taskmanagementapplication.security.token.JwtTokenFilter@63236968, org.springframework.security.web.savedrequest.RequestCacheAwareFilter@76dc9569, org.springframework.security.web.servletapi.SecurityContextHolderAwareRequestFilter@46e32574, org.springframework.security.web.authentication.AnonymousAuthenticationFilter@4f6f7a86, org.springframework.security.web.session.SessionManagementFilter@313c3cb, org.springframework.security.web.access.ExceptionTranslationFilter@42599b84, org.springframework.security.web.access.intercept.FilterSecurityInterceptor@78ae34f7]
2021.07.22 00:09:26.891 INFO  [main] o.s.b.w.e.t.TomcatWebServer - Tomcat started on port(s): 8080 (http) with context path ''
2021.07.22 00:09:26.893 INFO  [main] s.d.s.w.p.DocumentationPluginsBootstrapper - Documentation plugins bootstrapped
2021.07.22 00:09:26.907 INFO  [main] s.d.s.w.p.DocumentationPluginsBootstrapper - Found 1 custom documentation plugin(s)
2021.07.22 00:09:27.039 INFO  [main] s.d.s.w.s.ApiListingReferenceScanner - Scanning for api listing references
2021.07.22 00:09:27.376 INFO  [main] c.e.t.TaskManagementApplication - Started TaskManagementApplication in 9.553 seconds (JVM running for 11.065)
2021.07.22 00:10:55.913 INFO  [http-nio-8080-exec-1] o.a.c.c.C.[.[.[/] - Initializing Spring DispatcherServlet 'dispatcherServlet'
2021.07.22 00:10:55.913 INFO  [http-nio-8080-exec-1] o.s.w.s.DispatcherServlet - Initializing Servlet 'dispatcherServlet'
2021.07.22 00:10:55.915 INFO  [http-nio-8080-exec-1] o.s.w.s.DispatcherServlet - Completed initialization in 1 ms
2021.07.22 00:10:55.990 INFO  [http-nio-8080-exec-1] c.e.t.s.t.JwtTokenProvider - JWT token eyJhbGciOiJIUzI1NiJ9.eyJqdGkiOiJBZG1pbiIsInN1YiI6IkFVVEgiLCJleHAiOjE2Mjc1MDM4MTcsImlzcyI6Ild3d3d3dyIsImlhdCI6MTYyNjg5OTAxN30.cUbRZUviirFTs7luAsUe34HCJ06zE6q88NgZ2Z2TuvQ is valid
2021.07.22 00:10:55.991 INFO  [http-nio-8080-exec-1] c.e.t.s.t.JwtTokenProvider - JWT token eyJhbGciOiJIUzI1NiJ9.eyJqdGkiOiJBZG1pbiIsInN1YiI6IkFVVEgiLCJleHAiOjE2Mjc1MDM4MTcsImlzcyI6Ild3d3d3dyIsImlhdCI6MTYyNjg5OTAxN30.cUbRZUviirFTs7luAsUe34HCJ06zE6q88NgZ2Z2TuvQ is valid
2021.07.22 00:10:56.067 INFO  [http-nio-8080-exec-1] c.e.t.s.CustomUserDetailsService - User 'Admin' authorize successfully
2021.07.22 00:11:23.331 INFO  [http-nio-8080-exec-3] c.e.t.s.t.JwtTokenProvider - JWT token eyJhbGciOiJIUzI1NiJ9.eyJqdGkiOiJBZG1pbiIsInN1YiI6IkFVVEgiLCJleHAiOjE2Mjc1MDM4MTcsImlzcyI6Ild3d3d3dyIsImlhdCI6MTYyNjg5OTAxN30.cUbRZUviirFTs7luAsUe34HCJ06zE6q88NgZ2Z2TuvQ is valid
2021.07.22 00:11:23.334 INFO  [http-nio-8080-exec-3] c.e.t.s.t.JwtTokenProvider - JWT token eyJhbGciOiJIUzI1NiJ9.eyJqdGkiOiJBZG1pbiIsInN1YiI6IkFVVEgiLCJleHAiOjE2Mjc1MDM4MTcsImlzcyI6Ild3d3d3dyIsImlhdCI6MTYyNjg5OTAxN30.cUbRZUviirFTs7luAsUe34HCJ06zE6q88NgZ2Z2TuvQ is valid
2021.07.22 00:11:23.339 INFO  [http-nio-8080-exec-3] c.e.t.s.CustomUserDetailsService - User 'Admin' authorize successfully
2021.07.22 00:11:44.613 INFO  [http-nio-8080-exec-4] c.e.t.s.t.JwtTokenProvider - JWT token is not found
2021.07.22 00:11:50.520 INFO  [http-nio-8080-exec-5] c.e.t.s.t.JwtTokenProvider - JWT token eyJhbGciOiJIUzI1NiJ9.eyJqdGkiOiJBZG1pbiIsInN1YiI6IkFVVEgiLCJleHAiOjE2Mjc1MDM4MTcsImlzcyI6Ild3d3d3dyIsImlhdCI6MTYyNjg5OTAxN30.cUbRZUviirFTs7luAsUe34HCJ06zE6q88NgZ2Z2TuvQ is valid
2021.07.22 00:11:50.523 INFO  [http-nio-8080-exec-5] c.e.t.s.t.JwtTokenProvider - JWT token eyJhbGciOiJIUzI1NiJ9.eyJqdGkiOiJBZG1pbiIsInN1YiI6IkFVVEgiLCJleHAiOjE2Mjc1MDM4MTcsImlzcyI6Ild3d3d3dyIsImlhdCI6MTYyNjg5OTAxN30.cUbRZUviirFTs7luAsUe34HCJ06zE6q88NgZ2Z2TuvQ is valid
2021.07.22 00:11:50.528 INFO  [http-nio-8080-exec-5] c.e.t.s.CustomUserDetailsService - User 'Admin' authorize successfully
2021.07.22 00:14:10.717 INFO  [http-nio-8080-exec-8] c.e.t.s.t.JwtTokenProvider - JWT token is not found
2021.07.22 00:14:16.287 INFO  [http-nio-8080-exec-9] c.e.t.s.t.JwtTokenProvider - JWT token eyJhbGciOiJIUzI1NiJ9.eyJqdGkiOiJBZG1pbiIsInN1YiI6IkFVVEgiLCJleHAiOjE2Mjc1MDM4MTcsImlzcyI6Ild3d3d3dyIsImlhdCI6MTYyNjg5OTAxN30.cUbRZUviirFTs7luAsUe34HCJ06zE6q88NgZ2Z2TuvQ is valid
2021.07.22 00:14:16.289 INFO  [http-nio-8080-exec-9] c.e.t.s.t.JwtTokenProvider - JWT token eyJhbGciOiJIUzI1NiJ9.eyJqdGkiOiJBZG1pbiIsInN1YiI6IkFVVEgiLCJleHAiOjE2Mjc1MDM4MTcsImlzcyI6Ild3d3d3dyIsImlhdCI6MTYyNjg5OTAxN30.cUbRZUviirFTs7luAsUe34HCJ06zE6q88NgZ2Z2TuvQ is valid
2021.07.22 00:14:16.295 INFO  [http-nio-8080-exec-9] c.e.t.s.CustomUserDetailsService - User 'Admin' authorize successfully
2021.07.22 00:14:22.765 INFO  [http-nio-8080-exec-2] c.e.t.s.t.JwtTokenProvider - JWT token eyJhbGciOiJIUzI1NiJ9.eyJqdGkiOiJBZG1pbiIsInN1YiI6IkFVVEgiLCJleHAiOjE2Mjc1MDM4MTcsImlzcyI6Ild3d3d3dyIsImlhdCI6MTYyNjg5OTAxN30.cUbRZUviirFTs7luAsUe34HCJ06zE6q88NgZ2Z2TuvQ is valid
2021.07.22 00:14:22.766 INFO  [http-nio-8080-exec-2] c.e.t.s.t.JwtTokenProvider - JWT token eyJhbGciOiJIUzI1NiJ9.eyJqdGkiOiJBZG1pbiIsInN1YiI6IkFVVEgiLCJleHAiOjE2Mjc1MDM4MTcsImlzcyI6Ild3d3d3dyIsImlhdCI6MTYyNjg5OTAxN30.cUbRZUviirFTs7luAsUe34HCJ06zE6q88NgZ2Z2TuvQ is valid
2021.07.22 00:14:22.773 INFO  [http-nio-8080-exec-2] c.e.t.s.CustomUserDetailsService - User 'Admin' authorize successfully
2021.07.22 00:15:40.015 INFO  [http-nio-8080-exec-3] c.e.t.s.t.JwtTokenProvider - JWT token eyJhbGciOiJIUzI1NiJ9.eyJqdGkiOiJBZG1pbiIsInN1YiI6IkFVVEgiLCJleHAiOjE2Mjc1MDM4MTcsImlzcyI6Ild3d3d3dyIsImlhdCI6MTYyNjg5OTAxN30.cUbRZUviirFTs7luAsUe34HCJ06zE6q88NgZ2Z2TuvQ is valid
2021.07.22 00:15:40.016 INFO  [http-nio-8080-exec-3] c.e.t.s.t.JwtTokenProvider - JWT token eyJhbGciOiJIUzI1NiJ9.eyJqdGkiOiJBZG1pbiIsInN1YiI6IkFVVEgiLCJleHAiOjE2Mjc1MDM4MTcsImlzcyI6Ild3d3d3dyIsImlhdCI6MTYyNjg5OTAxN30.cUbRZUviirFTs7luAsUe34HCJ06zE6q88NgZ2Z2TuvQ is valid
2021.07.22 00:15:40.021 INFO  [http-nio-8080-exec-3] c.e.t.s.CustomUserDetailsService - User 'Admin' authorize successfully
2021.07.22 00:17:09.609 INFO  [main] c.e.t.TaskManagementApplication - Starting TaskManagementApplication using Java 16.0.1 on WIN-KEDQHMA3E3O with PID 3728 (D:\Projects\task-management-application\api\target\classes started by Sergey in D:\Projects\task-management-application\api)
2021.07.22 00:17:09.612 INFO  [main] c.e.t.TaskManagementApplication - The following profiles are active: private,dev
2021.07.22 00:17:11.632 INFO  [main] o.s.d.r.c.RepositoryConfigurationDelegate - Bootstrapping Spring Data JPA repositories in DEFAULT mode.
2021.07.22 00:17:11.750 INFO  [main] o.s.d.r.c.RepositoryConfigurationDelegate - Finished Spring Data repository scanning in 110 ms. Found 6 JPA repository interfaces.
2021.07.22 00:17:12.155 INFO  [main] o.s.c.s.PostProcessorRegistrationDelegate$BeanPostProcessorChecker - Bean 'org.springframework.security.access.expression.method.DefaultMethodSecurityExpressionHandler@173f1614' of type [org.springframework.security.access.expression.method.DefaultMethodSecurityExpressionHandler] is not eligible for getting processed by all BeanPostProcessors (for example: not eligible for auto-proxying)
2021.07.22 00:17:12.162 INFO  [main] o.s.c.s.PostProcessorRegistrationDelegate$BeanPostProcessorChecker - Bean 'methodSecurityMetadataSource' of type [org.springframework.security.access.method.DelegatingMethodSecurityMetadataSource] is not eligible for getting processed by all BeanPostProcessors (for example: not eligible for auto-proxying)
2021.07.22 00:17:12.485 INFO  [main] o.s.b.w.e.t.TomcatWebServer - Tomcat initialized with port(s): 8080 (http)
2021.07.22 00:17:12.494 INFO  [main] o.a.c.c.StandardService - Starting service [Tomcat]
2021.07.22 00:17:12.495 INFO  [main] o.a.c.c.StandardEngine - Starting Servlet engine: [Apache Tomcat/9.0.48]
2021.07.22 00:17:12.629 INFO  [main] o.a.c.c.C.[.[.[/] - Initializing Spring embedded WebApplicationContext
2021.07.22 00:17:12.629 INFO  [main] o.s.b.w.s.c.ServletWebServerApplicationContext - Root WebApplicationContext: initialization completed in 2925 ms
2021.07.22 00:17:12.943 INFO  [main] c.z.h.HikariDataSource - HikariPool-1 - Starting...
2021.07.22 00:17:12.946 WARN  [main] c.z.h.u.DriverDataSource - Registered driver with driverClassName=com.mysql.jdbc.Driver was not found, trying direct instantiation.
2021.07.22 00:17:13.344 INFO  [main] c.z.h.HikariDataSource - HikariPool-1 - Start completed.
2021.07.22 00:17:13.666 INFO  [main] l.lockservice - Successfully acquired change log lock
2021.07.22 00:17:13.860 INFO  [main] l.changelog - Reading from task_management.DATABASECHANGELOG
2021.07.22 00:17:13.908 INFO  [main] l.lockservice - Successfully released change log lock
2021.07.22 00:17:13.936 INFO  [main] l.lockservice - Successfully acquired change log lock
2021.07.22 00:17:13.937 WARN  [main] liquibase.hub - Skipping auto-registration
2021.07.22 00:17:13.948 INFO  [main] l.lockservice - Successfully released change log lock
2021.07.22 00:17:14.048 INFO  [main] o.h.j.i.u.LogHelper - HHH000204: Processing PersistenceUnitInfo [name: default]
2021.07.22 00:17:14.102 INFO  [main] o.h.Version - HHH000412: Hibernate ORM core version 5.4.32.Final
2021.07.22 00:17:14.241 INFO  [main] o.h.a.c.Version - HCANN000001: Hibernate Commons Annotations {5.1.2.Final}
2021.07.22 00:17:14.352 INFO  [main] o.h.d.Dialect - HHH000400: Using dialect: org.hibernate.dialect.MySQL8Dialect
2021.07.22 00:17:15.049 INFO  [main] o.h.e.t.j.p.i.JtaPlatformInitiator - HHH000490: Using JtaPlatform implementation: [org.hibernate.engine.transaction.jta.platform.internal.NoJtaPlatform]
2021.07.22 00:17:15.059 INFO  [main] o.s.o.j.LocalContainerEntityManagerFactoryBean - Initialized JPA EntityManagerFactory for persistence unit 'default'
2021.07.22 00:17:15.492 INFO  [main] c.e.t.s.t.JwtTokenProvider - Job token-scheduler run with delay 86400
2021.07.22 00:17:15.560 WARN  [main] o.s.b.a.o.j.JpaBaseConfiguration$JpaWebConfiguration - spring.jpa.open-in-view is enabled by default. Therefore, database queries may be performed during view rendering. Explicitly configure spring.jpa.open-in-view to disable this warning
2021.07.22 00:17:16.694 INFO  [main] o.s.s.w.DefaultSecurityFilterChain - Will secure Ant [pattern='/webjars/**'] with []
2021.07.22 00:17:16.695 INFO  [main] o.s.s.w.DefaultSecurityFilterChain - Will secure Ant [pattern='/v2/api-docs/**'] with []
2021.07.22 00:17:16.695 INFO  [main] o.s.s.w.DefaultSecurityFilterChain - Will secure Ant [pattern='/swagger-resources/**'] with []
2021.07.22 00:17:16.695 INFO  [main] o.s.s.w.DefaultSecurityFilterChain - Will secure Ant [pattern='/swagger-ui.html/**'] with []
2021.07.22 00:17:16.782 INFO  [main] s.d.s.w.WebMvcPropertySourcedRequestMappingHandlerMapping - Mapped URL path [/v2/api-docs] onto method [springfox.documentation.swagger2.web.Swagger2ControllerWebMvc#getDocumentation(String, HttpServletRequest)]
2021.07.22 00:17:17.013 INFO  [main] o.s.s.w.DefaultSecurityFilterChain - Will secure any request with [org.springframework.security.web.context.request.async.WebAsyncManagerIntegrationFilter@375f276e, org.springframework.security.web.context.SecurityContextPersistenceFilter@14cd8dfa, org.springframework.security.web.header.HeaderWriterFilter@34fde3a3, org.springframework.web.filter.CorsFilter@297bbd41, org.springframework.security.web.authentication.logout.LogoutFilter@335cd031, com.example.taskmanagementapplication.security.token.JwtTokenFilter@3b5f72fa, org.springframework.security.web.savedrequest.RequestCacheAwareFilter@b42d1c8, org.springframework.security.web.servletapi.SecurityContextHolderAwareRequestFilter@4faccb34, org.springframework.security.web.authentication.AnonymousAuthenticationFilter@67c2ff5d, org.springframework.security.web.session.SessionManagementFilter@796687de, org.springframework.security.web.access.ExceptionTranslationFilter@3723de42, org.springframework.security.web.access.intercept.FilterSecurityInterceptor@b257072]
2021.07.22 00:17:17.565 INFO  [main] o.s.b.w.e.t.TomcatWebServer - Tomcat started on port(s): 8080 (http) with context path ''
2021.07.22 00:17:17.566 INFO  [main] s.d.s.w.p.DocumentationPluginsBootstrapper - Documentation plugins bootstrapped
2021.07.22 00:17:17.571 INFO  [main] s.d.s.w.p.DocumentationPluginsBootstrapper - Found 1 custom documentation plugin(s)
2021.07.22 00:17:17.637 INFO  [main] s.d.s.w.s.ApiListingReferenceScanner - Scanning for api listing references
2021.07.22 00:17:17.936 INFO  [main] c.e.t.TaskManagementApplication - Started TaskManagementApplication in 8.866 seconds (JVM running for 10.034)
2021.07.22 00:18:39.452 INFO  [main] c.e.t.TaskManagementApplication - Starting TaskManagementApplication using Java 16.0.1 on WIN-KEDQHMA3E3O with PID 17348 (D:\Projects\task-management-application\api\target\classes started by Sergey in D:\Projects\task-management-application\api)
2021.07.22 00:18:39.456 INFO  [main] c.e.t.TaskManagementApplication - The following profiles are active: private,dev
2021.07.22 00:18:40.555 INFO  [main] o.s.d.r.c.RepositoryConfigurationDelegate - Bootstrapping Spring Data JPA repositories in DEFAULT mode.
2021.07.22 00:18:40.655 INFO  [main] o.s.d.r.c.RepositoryConfigurationDelegate - Finished Spring Data repository scanning in 93 ms. Found 6 JPA repository interfaces.
2021.07.22 00:18:41.095 INFO  [main] o.s.c.s.PostProcessorRegistrationDelegate$BeanPostProcessorChecker - Bean 'org.springframework.security.access.expression.method.DefaultMethodSecurityExpressionHandler@220c9a63' of type [org.springframework.security.access.expression.method.DefaultMethodSecurityExpressionHandler] is not eligible for getting processed by all BeanPostProcessors (for example: not eligible for auto-proxying)
2021.07.22 00:18:41.100 INFO  [main] o.s.c.s.PostProcessorRegistrationDelegate$BeanPostProcessorChecker - Bean 'methodSecurityMetadataSource' of type [org.springframework.security.access.method.DelegatingMethodSecurityMetadataSource] is not eligible for getting processed by all BeanPostProcessors (for example: not eligible for auto-proxying)
2021.07.22 00:18:41.379 INFO  [main] o.s.b.w.e.t.TomcatWebServer - Tomcat initialized with port(s): 8080 (http)
2021.07.22 00:18:41.387 INFO  [main] o.a.c.c.StandardService - Starting service [Tomcat]
2021.07.22 00:18:41.388 INFO  [main] o.a.c.c.StandardEngine - Starting Servlet engine: [Apache Tomcat/9.0.48]
2021.07.22 00:18:41.525 INFO  [main] o.a.c.c.C.[.[.[/] - Initializing Spring embedded WebApplicationContext
2021.07.22 00:18:41.526 INFO  [main] o.s.b.w.s.c.ServletWebServerApplicationContext - Root WebApplicationContext: initialization completed in 1982 ms
2021.07.22 00:18:41.809 INFO  [main] c.z.h.HikariDataSource - HikariPool-1 - Starting...
2021.07.22 00:18:41.813 WARN  [main] c.z.h.u.DriverDataSource - Registered driver with driverClassName=com.mysql.jdbc.Driver was not found, trying direct instantiation.
2021.07.22 00:18:42.110 INFO  [main] c.z.h.HikariDataSource - HikariPool-1 - Start completed.
2021.07.22 00:18:42.397 INFO  [main] l.lockservice - Successfully acquired change log lock
2021.07.22 00:18:42.561 INFO  [main] l.changelog - Reading from task_management.DATABASECHANGELOG
2021.07.22 00:18:42.603 INFO  [main] l.lockservice - Successfully released change log lock
2021.07.22 00:18:42.613 INFO  [main] l.lockservice - Successfully acquired change log lock
2021.07.22 00:18:42.614 WARN  [main] liquibase.hub - Skipping auto-registration
2021.07.22 00:18:42.639 INFO  [main] l.lockservice - Successfully released change log lock
2021.07.22 00:18:42.729 INFO  [main] o.h.j.i.u.LogHelper - HHH000204: Processing PersistenceUnitInfo [name: default]
2021.07.22 00:18:42.782 INFO  [main] o.h.Version - HHH000412: Hibernate ORM core version 5.4.32.Final
2021.07.22 00:18:42.895 INFO  [main] o.h.a.c.Version - HCANN000001: Hibernate Commons Annotations {5.1.2.Final}
2021.07.22 00:18:42.992 INFO  [main] o.h.d.Dialect - HHH000400: Using dialect: org.hibernate.dialect.MySQL8Dialect
2021.07.22 00:18:43.636 INFO  [main] o.h.e.t.j.p.i.JtaPlatformInitiator - HHH000490: Using JtaPlatform implementation: [org.hibernate.engine.transaction.jta.platform.internal.NoJtaPlatform]
2021.07.22 00:18:43.647 INFO  [main] o.s.o.j.LocalContainerEntityManagerFactoryBean - Initialized JPA EntityManagerFactory for persistence unit 'default'
2021.07.22 00:18:44.090 INFO  [main] c.e.t.s.t.JwtTokenProvider - Job token-scheduler run with delay 86400
2021.07.22 00:18:44.149 WARN  [main] o.s.b.a.o.j.JpaBaseConfiguration$JpaWebConfiguration - spring.jpa.open-in-view is enabled by default. Therefore, database queries may be performed during view rendering. Explicitly configure spring.jpa.open-in-view to disable this warning
2021.07.22 00:18:45.193 INFO  [main] o.s.s.w.DefaultSecurityFilterChain - Will secure Ant [pattern='/webjars/**'] with []
2021.07.22 00:18:45.193 INFO  [main] o.s.s.w.DefaultSecurityFilterChain - Will secure Ant [pattern='/v2/api-docs/**'] with []
2021.07.22 00:18:45.193 INFO  [main] o.s.s.w.DefaultSecurityFilterChain - Will secure Ant [pattern='/swagger-resources/**'] with []
2021.07.22 00:18:45.193 INFO  [main] o.s.s.w.DefaultSecurityFilterChain - Will secure Ant [pattern='/swagger-ui.html/**'] with []
2021.07.22 00:18:45.279 INFO  [main] s.d.s.w.WebMvcPropertySourcedRequestMappingHandlerMapping - Mapped URL path [/v2/api-docs] onto method [springfox.documentation.swagger2.web.Swagger2ControllerWebMvc#getDocumentation(String, HttpServletRequest)]
2021.07.22 00:18:45.512 INFO  [main] o.s.s.w.DefaultSecurityFilterChain - Will secure any request with [org.springframework.security.web.context.request.async.WebAsyncManagerIntegrationFilter@79f6b43a, org.springframework.security.web.context.SecurityContextPersistenceFilter@53d94a6b, org.springframework.security.web.header.HeaderWriterFilter@505f6511, org.springframework.web.filter.CorsFilter@7b80ac30, org.springframework.security.web.authentication.logout.LogoutFilter@14cd8dfa, com.example.taskmanagementapplication.security.token.JwtTokenFilter@8d0253b, org.springframework.security.web.savedrequest.RequestCacheAwareFilter@394c77e2, org.springframework.security.web.servletapi.SecurityContextHolderAwareRequestFilter@3723de42, org.springframework.security.web.authentication.AnonymousAuthenticationFilter@f61f06e, org.springframework.security.web.session.SessionManagementFilter@5c70eda4, org.springframework.security.web.access.ExceptionTranslationFilter@27b9d5b7, org.springframework.security.web.access.intercept.FilterSecurityInterceptor@5ce34685]
2021.07.22 00:18:46.059 INFO  [main] o.s.b.w.e.t.TomcatWebServer - Tomcat started on port(s): 8080 (http) with context path ''
2021.07.22 00:18:46.060 INFO  [main] s.d.s.w.p.DocumentationPluginsBootstrapper - Documentation plugins bootstrapped
2021.07.22 00:18:46.065 INFO  [main] s.d.s.w.p.DocumentationPluginsBootstrapper - Found 1 custom documentation plugin(s)
2021.07.22 00:18:46.127 INFO  [main] s.d.s.w.s.ApiListingReferenceScanner - Scanning for api listing references
2021.07.22 00:18:46.401 INFO  [main] c.e.t.TaskManagementApplication - Started TaskManagementApplication in 7.407 seconds (JVM running for 8.732)
2021.07.22 00:18:50.321 INFO  [http-nio-8080-exec-1] o.a.c.c.C.[.[.[/] - Initializing Spring DispatcherServlet 'dispatcherServlet'
2021.07.22 00:18:50.321 INFO  [http-nio-8080-exec-1] o.s.w.s.DispatcherServlet - Initializing Servlet 'dispatcherServlet'
2021.07.22 00:18:50.322 INFO  [http-nio-8080-exec-1] o.s.w.s.DispatcherServlet - Completed initialization in 1 ms
2021.07.22 00:18:50.386 INFO  [http-nio-8080-exec-1] c.e.t.s.t.JwtTokenProvider - JWT token eyJhbGciOiJIUzI1NiJ9.eyJqdGkiOiJBZG1pbiIsInN1YiI6IkFVVEgiLCJleHAiOjE2Mjc1MDM4MTcsImlzcyI6Ild3d3d3dyIsImlhdCI6MTYyNjg5OTAxN30.cUbRZUviirFTs7luAsUe34HCJ06zE6q88NgZ2Z2TuvQ is valid
2021.07.22 00:18:50.387 INFO  [http-nio-8080-exec-1] c.e.t.s.t.JwtTokenProvider - JWT token eyJhbGciOiJIUzI1NiJ9.eyJqdGkiOiJBZG1pbiIsInN1YiI6IkFVVEgiLCJleHAiOjE2Mjc1MDM4MTcsImlzcyI6Ild3d3d3dyIsImlhdCI6MTYyNjg5OTAxN30.cUbRZUviirFTs7luAsUe34HCJ06zE6q88NgZ2Z2TuvQ is valid
2021.07.22 00:18:50.464 INFO  [http-nio-8080-exec-1] c.e.t.s.CustomUserDetailsService - User 'Admin' authorize successfully
2021.07.22 00:20:16.489 INFO  [main] c.e.t.TaskManagementApplication - Starting TaskManagementApplication using Java 16.0.1 on WIN-KEDQHMA3E3O with PID 7428 (D:\Projects\task-management-application\api\target\classes started by Sergey in D:\Projects\task-management-application\api)
2021.07.22 00:20:16.492 INFO  [main] c.e.t.TaskManagementApplication - The following profiles are active: private,dev
2021.07.22 00:20:17.562 INFO  [main] o.s.d.r.c.RepositoryConfigurationDelegate - Bootstrapping Spring Data JPA repositories in DEFAULT mode.
2021.07.22 00:20:17.670 INFO  [main] o.s.d.r.c.RepositoryConfigurationDelegate - Finished Spring Data repository scanning in 100 ms. Found 6 JPA repository interfaces.
2021.07.22 00:20:18.057 INFO  [main] o.s.c.s.PostProcessorRegistrationDelegate$BeanPostProcessorChecker - Bean 'org.springframework.security.access.expression.method.DefaultMethodSecurityExpressionHandler@6ec63f8' of type [org.springframework.security.access.expression.method.DefaultMethodSecurityExpressionHandler] is not eligible for getting processed by all BeanPostProcessors (for example: not eligible for auto-proxying)
2021.07.22 00:20:18.063 INFO  [main] o.s.c.s.PostProcessorRegistrationDelegate$BeanPostProcessorChecker - Bean 'methodSecurityMetadataSource' of type [org.springframework.security.access.method.DelegatingMethodSecurityMetadataSource] is not eligible for getting processed by all BeanPostProcessors (for example: not eligible for auto-proxying)
2021.07.22 00:20:18.355 INFO  [main] o.s.b.w.e.t.TomcatWebServer - Tomcat initialized with port(s): 8080 (http)
2021.07.22 00:20:18.363 INFO  [main] o.a.c.c.StandardService - Starting service [Tomcat]
2021.07.22 00:20:18.363 INFO  [main] o.a.c.c.StandardEngine - Starting Servlet engine: [Apache Tomcat/9.0.48]
2021.07.22 00:20:18.497 INFO  [main] o.a.c.c.C.[.[.[/] - Initializing Spring embedded WebApplicationContext
2021.07.22 00:20:18.498 INFO  [main] o.s.b.w.s.c.ServletWebServerApplicationContext - Root WebApplicationContext: initialization completed in 1933 ms
2021.07.22 00:20:18.719 INFO  [main] c.z.h.HikariDataSource - HikariPool-1 - Starting...
2021.07.22 00:20:18.721 WARN  [main] c.z.h.u.DriverDataSource - Registered driver with driverClassName=com.mysql.jdbc.Driver was not found, trying direct instantiation.
2021.07.22 00:20:19.053 INFO  [main] c.z.h.HikariDataSource - HikariPool-1 - Start completed.
2021.07.22 00:20:19.353 INFO  [main] l.lockservice - Successfully acquired change log lock
2021.07.22 00:20:19.516 INFO  [main] l.changelog - Reading from task_management.DATABASECHANGELOG
2021.07.22 00:20:19.559 INFO  [main] l.lockservice - Successfully released change log lock
2021.07.22 00:20:19.567 INFO  [main] l.lockservice - Successfully acquired change log lock
2021.07.22 00:20:19.568 WARN  [main] liquibase.hub - Skipping auto-registration
2021.07.22 00:20:19.576 INFO  [main] l.lockservice - Successfully released change log lock
2021.07.22 00:20:19.664 INFO  [main] o.h.j.i.u.LogHelper - HHH000204: Processing PersistenceUnitInfo [name: default]
2021.07.22 00:20:19.711 INFO  [main] o.h.Version - HHH000412: Hibernate ORM core version 5.4.32.Final
2021.07.22 00:20:19.818 INFO  [main] o.h.a.c.Version - HCANN000001: Hibernate Commons Annotations {5.1.2.Final}
2021.07.22 00:20:19.913 INFO  [main] o.h.d.Dialect - HHH000400: Using dialect: org.hibernate.dialect.MySQL8Dialect
2021.07.22 00:20:20.512 INFO  [main] o.h.e.t.j.p.i.JtaPlatformInitiator - HHH000490: Using JtaPlatform implementation: [org.hibernate.engine.transaction.jta.platform.internal.NoJtaPlatform]
2021.07.22 00:20:20.522 INFO  [main] o.s.o.j.LocalContainerEntityManagerFactoryBean - Initialized JPA EntityManagerFactory for persistence unit 'default'
2021.07.22 00:20:20.923 INFO  [main] c.e.t.s.t.JwtTokenProvider - Job token-scheduler run with delay 86400
2021.07.22 00:20:20.987 WARN  [main] o.s.b.a.o.j.JpaBaseConfiguration$JpaWebConfiguration - spring.jpa.open-in-view is enabled by default. Therefore, database queries may be performed during view rendering. Explicitly configure spring.jpa.open-in-view to disable this warning
2021.07.22 00:20:22.024 INFO  [main] o.s.s.w.DefaultSecurityFilterChain - Will secure Ant [pattern='/webjars/**'] with []
2021.07.22 00:20:22.025 INFO  [main] o.s.s.w.DefaultSecurityFilterChain - Will secure Ant [pattern='/v2/api-docs/**'] with []
2021.07.22 00:20:22.025 INFO  [main] o.s.s.w.DefaultSecurityFilterChain - Will secure Ant [pattern='/swagger-resources/**'] with []
2021.07.22 00:20:22.025 INFO  [main] o.s.s.w.DefaultSecurityFilterChain - Will secure Ant [pattern='/swagger-ui.html/**'] with []
2021.07.22 00:20:22.110 INFO  [main] s.d.s.w.WebMvcPropertySourcedRequestMappingHandlerMapping - Mapped URL path [/v2/api-docs] onto method [springfox.documentation.swagger2.web.Swagger2ControllerWebMvc#getDocumentation(String, HttpServletRequest)]
2021.07.22 00:20:22.336 INFO  [main] o.s.s.w.DefaultSecurityFilterChain - Will secure any request with [org.springframework.security.web.context.request.async.WebAsyncManagerIntegrationFilter@58f27c37, org.springframework.security.web.context.SecurityContextPersistenceFilter@34986491, org.springframework.security.web.header.HeaderWriterFilter@6e3552b0, org.springframework.web.filter.CorsFilter@78ae34f7, org.springframework.security.web.authentication.logout.LogoutFilter@1d1c5bb5, com.example.taskmanagementapplication.security.token.JwtTokenFilter@3eb4fdd5, org.springframework.security.web.savedrequest.RequestCacheAwareFilter@441798ce, org.springframework.security.web.servletapi.SecurityContextHolderAwareRequestFilter@5e752a2a, org.springframework.security.web.authentication.AnonymousAuthenticationFilter@19070326, org.springframework.security.web.session.SessionManagementFilter@4b37b01e, org.springframework.security.web.access.ExceptionTranslationFilter@4f876114, org.springframework.security.web.access.intercept.FilterSecurityInterceptor@4b2ca159]
2021.07.22 00:20:22.873 INFO  [main] o.s.b.w.e.t.TomcatWebServer - Tomcat started on port(s): 8080 (http) with context path ''
2021.07.22 00:20:22.874 INFO  [main] s.d.s.w.p.DocumentationPluginsBootstrapper - Documentation plugins bootstrapped
2021.07.22 00:20:22.880 INFO  [main] s.d.s.w.p.DocumentationPluginsBootstrapper - Found 1 custom documentation plugin(s)
2021.07.22 00:20:22.943 INFO  [main] s.d.s.w.s.ApiListingReferenceScanner - Scanning for api listing references
2021.07.22 00:20:23.227 INFO  [main] c.e.t.TaskManagementApplication - Started TaskManagementApplication in 7.25 seconds (JVM running for 8.072)
2021.07.22 00:20:27.200 INFO  [http-nio-8080-exec-2] o.a.c.c.C.[.[.[/] - Initializing Spring DispatcherServlet 'dispatcherServlet'
2021.07.22 00:20:27.201 INFO  [http-nio-8080-exec-2] o.s.w.s.DispatcherServlet - Initializing Servlet 'dispatcherServlet'
2021.07.22 00:20:27.202 INFO  [http-nio-8080-exec-2] o.s.w.s.DispatcherServlet - Completed initialization in 1 ms
2021.07.22 00:20:27.274 INFO  [http-nio-8080-exec-2] c.e.t.s.t.JwtTokenProvider - JWT token eyJhbGciOiJIUzI1NiJ9.eyJqdGkiOiJBZG1pbiIsInN1YiI6IkFVVEgiLCJleHAiOjE2Mjc1MDM4MTcsImlzcyI6Ild3d3d3dyIsImlhdCI6MTYyNjg5OTAxN30.cUbRZUviirFTs7luAsUe34HCJ06zE6q88NgZ2Z2TuvQ is valid
2021.07.22 00:20:27.276 INFO  [http-nio-8080-exec-2] c.e.t.s.t.JwtTokenProvider - JWT token eyJhbGciOiJIUzI1NiJ9.eyJqdGkiOiJBZG1pbiIsInN1YiI6IkFVVEgiLCJleHAiOjE2Mjc1MDM4MTcsImlzcyI6Ild3d3d3dyIsImlhdCI6MTYyNjg5OTAxN30.cUbRZUviirFTs7luAsUe34HCJ06zE6q88NgZ2Z2TuvQ is valid
2021.07.22 00:20:27.354 INFO  [http-nio-8080-exec-2] c.e.t.s.CustomUserDetailsService - User 'Admin' authorize successfully
2021.07.22 00:20:40.478 INFO  [http-nio-8080-exec-4] c.e.t.s.t.JwtTokenProvider - JWT token eyJhbGciOiJIUzI1NiJ9.eyJqdGkiOiJBZG1pbiIsInN1YiI6IkFVVEgiLCJleHAiOjE2Mjc1MDM4MTcsImlzcyI6Ild3d3d3dyIsImlhdCI6MTYyNjg5OTAxN30.cUbRZUviirFTs7luAsUe34HCJ06zE6q88NgZ2Z2TuvQ is valid
2021.07.22 00:20:40.481 INFO  [http-nio-8080-exec-4] c.e.t.s.t.JwtTokenProvider - JWT token eyJhbGciOiJIUzI1NiJ9.eyJqdGkiOiJBZG1pbiIsInN1YiI6IkFVVEgiLCJleHAiOjE2Mjc1MDM4MTcsImlzcyI6Ild3d3d3dyIsImlhdCI6MTYyNjg5OTAxN30.cUbRZUviirFTs7luAsUe34HCJ06zE6q88NgZ2Z2TuvQ is valid
2021.07.22 00:20:40.487 INFO  [http-nio-8080-exec-4] c.e.t.s.CustomUserDetailsService - User 'Admin' authorize successfully
